<?xml version="1.0" encoding="UTF-8"?>
<testng-results skipped="0" failed="0" ignored="0" total="1" passed="1">
  <reporter-output>
  </reporter-output>
  <suite name="Default suite" duration-ms="96797" started-at="2019-04-06T11:30:49Z" finished-at="2019-04-06T11:32:25Z">
    <groups>
    </groups>
    <test name="Default test" duration-ms="96797" started-at="2019-04-06T11:30:49Z" finished-at="2019-04-06T11:32:25Z">
      <class name="com.qa.testcases.HomePageTest">
        <test-method status="PASS" signature="setUp()[pri:0, instance:com.qa.testcases.HomePageTest@39c0f4a]" name="setUp" is-config="true" duration-ms="32299" started-at="2019-04-06T11:30:49Z" finished-at="2019-04-06T11:31:21Z">
          <reporter-output>
          </reporter-output>
        </test-method> <!-- setUp -->
        <test-method status="PASS" signature="verifySearchLocationTest()[pri:0, instance:com.qa.testcases.HomePageTest@39c0f4a]" name="verifySearchLocationTest" duration-ms="64462" started-at="2019-04-06T11:31:21Z" finished-at="2019-04-06T11:32:25Z">
          <reporter-output>
          </reporter-output>
        </test-method> <!-- verifySearchLocationTest -->
      </class> <!-- com.qa.testcases.HomePageTest -->
    </test> <!-- Default test -->
  </suite> <!-- Default suite -->
</testng-results>
